-------------------------------------------------------------------------------
Test set: io.javabrains.MathUtilsTest
-------------------------------------------------------------------------------
Tests run: 3, Failures: 1, Errors: 0, Skipped: 0, Time elapsed: 0.044 s <<< FAILURE! - in io.javabrains.MathUtilsTest
testDevide  Time elapsed: 0.018 s  <<< FAILURE!
org.opentest4j.AssertionFailedError: invalid operation devide by 0 ==> Expected java.lang.ArithmeticException to be thrown, but nothing was thrown.
	at io.javabrains.MathUtilsTest.testDevide(MathUtilsTest.java:50)

