<?xml version="1.0" encoding="UTF-8"?>
<testsuite xmlns:xsi="http://www.w3.org/2001/XMLSchema-instance" xsi:noNamespaceSchemaLocation="https://maven.apache.org/surefire/maven-surefire-plugin/xsd/surefire-test-report.xsd" name="io.javabrains.MathUtilsTest" time="0.044" tests="3" errors="0" skipped="0" failures="1">
  <properties>
[...]
</properties>
  <testcase name="testAdd" classname="io.javabrains.MathUtilsTest" time="0.017"/>
  <testcase name="testComputeCircleArea" classname="io.javabrains.MathUtilsTest" time="0"/>
  <testcase name="testDevide" classname="io.javabrains.MathUtilsTest" time="0.018">
    <failure message="invalid operation devide by 0 ==&gt; Expected java.lang.ArithmeticException to be thrown, but nothing was thrown." type="org.opentest4j.AssertionFailedError">org.opentest4j.AssertionFailedError: invalid operation devide by 0 ==> Expected java.lang.ArithmeticException to be thrown, but nothing was thrown.
	at io.javabrains.MathUtilsTest.testDevide(MathUtilsTest.java:50)
</failure>
    <system-out><![CDATA[each
io.javabrains.MathUtils@15de0b3c
]]></system-out>
  </testcase>
</testsuite>